
2024-10-03_02:54:17   created datelog file

2024-10-03_02:54:27   created datelog file

2024-10-03_02:54:37   created datelog file

2024-10-03_02:54:47   created datelog file

2024-10-03_02:54:57   created datelog file

2024-10-03_02:55:07   created datelog file

2024-10-03_02:55:17   found       10 datelog files > deleting

2024-10-03_02:55:17   deleted       10 datelog files

2024-10-03_02:55:17   created datelog file

2024-10-03_02:55:27   created datelog file

2024-10-03_02:55:37   created datelog file

2024-10-03_02:55:48   created datelog file

2024-10-03_02:55:58   created datelog file

2024-10-03_02:56:08   created datelog file

2024-10-03_02:56:18   created datelog file

2024-10-03_02:56:28   created datelog file

2024-10-03_02:56:38   created datelog file

2024-10-03_02:56:48   created datelog file

2024-10-03_02:56:58   found       10 datelog files > deleting

2024-10-03_02:56:59   deleted       10 datelog files

2024-10-03_02:56:59   created datelog file

2024-10-03_02:57:09   created datelog file

2024-10-03_02:57:19   created datelog file

2024-10-03_02:57:29   created datelog file

2024-10-03_02:57:39   created datelog file

2024-10-03_02:57:49   created datelog file

2024-10-03_02:57:59   created datelog file

2024-10-03_02:58:09   created datelog file

2024-10-03_02:58:19   created datelog file

2024-10-03_02:58:29   created datelog file

2024-10-03_02:58:39   found       10 datelog files > deleting

2024-10-03_02:58:39   deleted       10 datelog files

2024-10-03_02:58:39   created datelog file

2024-10-03_02:58:49   created datelog file

2024-10-03_02:58:59   created datelog file

2024-10-03_02:59:09   created datelog file

2024-10-03_02:59:19   created datelog file

2024-10-03_02:59:30   created datelog file

2024-10-03_02:59:40   created datelog file

2024-10-03_02:59:50   created datelog file

2024-10-03_03:00:00   created datelog file

2024-10-03_03:00:10   created datelog file

2024-10-03_03:00:20   found       10 datelog files > deleting

2024-10-03_03:00:20   deleted       10 datelog files

2024-10-03_03:00:20   created datelog file

2024-10-03_03:00:30   created datelog file

2024-10-03_03:00:40   created datelog file

2024-10-03_03:00:50   reseted errorlog file

2024-10-03_03:00:50   created datelog file

2024-10-03_03:01:00   reseted errorlog file

2024-10-03_03:01:00   created datelog file

2024-10-03_03:01:10   reseted errorlog file

2024-10-03_03:01:10   created datelog file

2024-10-03_03:01:20   reseted errorlog file

2024-10-03_03:01:20   created datelog file

2024-10-03_03:01:30   reseted errorlog file

2024-10-03_03:01:30   created datelog file

2024-10-03_03:01:40   reseted errorlog file

2024-10-03_03:01:40   created datelog file

2024-10-03_03:01:50   created datelog file

2024-10-03_03:02:00   found       10 datelog files > deleting

2024-10-03_03:02:00   deleted       10 datelog files

2024-10-03_03:02:00   created datelog file

2024-10-03_03:02:11   created datelog file

2024-10-03_03:02:21   created datelog file

2024-10-03_03:02:31   created datelog file

2024-10-03_03:02:41   created datelog file

2024-10-03_03:02:51   created datelog file

2024-10-03_03:03:01   created datelog file

2024-10-03_03:03:12   created datelog file

2024-10-03_03:03:22   created datelog file

2024-10-03_03:03:32   created datelog file

2024-10-03_03:03:43   found       10 datelog files > deleting

2024-10-03_03:03:43   deleted       10 datelog files

2024-10-03_03:03:43   reset errorlog file

2024-10-03_03:03:43   created datelog file

2024-10-03_03:03:53   created datelog file

2024-10-03_03:04:04   created datelog file

2024-10-03_03:04:14   created datelog file

2024-10-03_03:04:24   created datelog file

2024-10-03_03:04:35   created datelog file

2024-10-03_03:04:45   created datelog file

2024-10-03_03:04:55   created datelog file

2024-10-03_03:05:06   created datelog file

2024-10-03_03:05:16   created datelog file

2024-10-03_03:05:27   found       10 datelog files > deleting

2024-10-03_03:05:27   deleted       10 datelog files

2024-10-03_03:05:27   reset errorlog file

2024-10-03_03:05:27   created datelog file

2024-10-03_03:05:37   created datelog file

2024-10-03_03:05:47   created datelog file

2024-10-03_03:05:57   created datelog file

2024-10-03_03:06:08   created datelog file
